<?xml version="1.0" encoding="UTF-8"?>
<!-- Generated by org.testng.reporters.JUnitReportReporter -->
<testsuite hostname="DESKTOP-1SSI58N" failures="0" tests="1" name="test.FacebookSignUpForm" time="59.271" errors="0" timestamp="28 Jan 2020 05:23:36 GMT" skipped="0">
  <testcase classname="test.FacebookSignUpForm" name="FbSignup" time="59.271"/>
</testsuite> <!-- test.FacebookSignUpForm -->
